{"D:\\NextJs\\Testing\\isPalindrome.js": {"path":"D:\\NextJs\\Testing\\isPalindrome.js","statementMap":{"0":{"start":{"line":2,"column":11},"end":{"line":2,"column":12}},"1":{"start":{"line":3,"column":11},"end":{"line":3,"column":26}},"2":{"start":{"line":4,"column":2},"end":{"line":4,"column":28}},"3":{"start":{"line":4,"column":16},"end":{"line":4,"column":28}},"4":{"start":{"line":5,"column":2},"end":{"line":12,"column":3}},"5":{"start":{"line":6,"column":4},"end":{"line":10,"column":5}},"6":{"start":{"line":7,"column":6},"end":{"line":7,"column":11}},"7":{"start":{"line":8,"column":6},"end":{"line":8,"column":11}},"8":{"start":{"line":9,"column":6},"end":{"line":9,"column":18}},"9":{"start":{"line":11,"column":4},"end":{"line":11,"column":17}},"10":{"start":{"line":14,"column":0},"end":{"line":14,"column":30}}},"fnMap":{"0":{"name":"isPalindrome","decl":{"start":{"line":1,"column":9},"end":{"line":1,"column":21}},"loc":{"start":{"line":1,"column":28},"end":{"line":13,"column":1}},"line":1}},"branchMap":{"0":{"loc":{"start":{"line":4,"column":2},"end":{"line":4,"column":28}},"type":"if","locations":[{"start":{"line":4,"column":2},"end":{"line":4,"column":28}},{"start":{},"end":{}}],"line":4},"1":{"loc":{"start":{"line":6,"column":4},"end":{"line":10,"column":5}},"type":"if","locations":[{"start":{"line":6,"column":4},"end":{"line":10,"column":5}},{"start":{},"end":{}}],"line":6}},"s":{"0":2,"1":2,"2":2,"3":0,"4":2,"5":2,"6":1,"7":1,"8":1,"9":1,"10":1},"f":{"0":2},"b":{"0":[0,2],"1":[1,1]},"_coverageSchema":"1a1c01bbd47fc00a2c39e90264f33305004495a9","hash":"0635f3ed9e18e9a9be5bf9af37153c220b44ed8a"}
,"D:\\NextJs\\Testing\\sum.js": {"path":"D:\\NextJs\\Testing\\sum.js","statementMap":{"0":{"start":{"line":2,"column":2},"end":{"line":2,"column":15}},"1":{"start":{"line":4,"column":0},"end":{"line":4,"column":21}}},"fnMap":{"0":{"name":"sum","decl":{"start":{"line":1,"column":9},"end":{"line":1,"column":12}},"loc":{"start":{"line":1,"column":19},"end":{"line":3,"column":1}},"line":1}},"branchMap":{},"s":{"0":1,"1":1},"f":{"0":1},"b":{},"_coverageSchema":"1a1c01bbd47fc00a2c39e90264f33305004495a9","hash":"84f3596ce4f3f65fbe91f4cc4a2e4dc59b8794ab"}
}
